  Creating directories for 'OpenIGTLink'
  Building Custom Rule C:/Project/PlusBuild/CMakeLists.txt
  Performing download step (git clone) for 'OpenIGTLink'
  -- Avoiding repeated git clone, stamp file is up to date: 'C:/Project/PlusB-bin/OpenIGTLink-prefix/src/OpenIGTLink-stamp/OpenIGTLink-gitclone-lastrun.txt'
  Performing update step for 'OpenIGTLink'
  From https://github.com/openigtlink/OpenIGTLink
     a575af0..c22bcf1  master     -> origin/master
  No patch step for 'OpenIGTLink'
  Performing configure step for 'OpenIGTLink'
  -- Selecting Windows SDK version 10.0.18362.0 to target Windows 10.0.18363.
  CMake Deprecation Warning at CMakeLists.txt:3 (CMAKE_MINIMUM_REQUIRED):
    Compatibility with CMake < 2.8.12 will be removed from a future version of
    CMake.
  
    Update the VERSION argument <min> value or use a ...<max> suffix to tell
    CMake that the project does not need compatibility with older versions.
  
  
  -- Checking for getsockname with socklen_t
  -- Checking for getsockname with socklen_t -- no
  -- Configuring done
  -- Generating done
  -- Build files have been written to: C:/Project/PlusB-bin/OpenIGTLink-bin
  Performing build step for 'OpenIGTLink'
  Microsoft (R) Build Engine version 16.7.0+b89cb5fde for .NET Framework
  Copyright (C) Microsoft Corporation. All rights reserved.
  
    Checking Build System
    Building Custom Rule C:/Project/PlusB-bin/OpenIGTLink/Source/CMakeLists.txt
    igtl_header.c
    igtl_image.c
    igtl_transform.c
    igtl_status.c
    igtl_util.c
    igtl_position.c
    igtl_capability.c
    igtl_colortable.c
    igtl_imgmeta.c
    igtl_lbmeta.c
    igtl_point.c
    igtl_tdata.c
    igtl_qtdata.c
    igtl_trajectory.c
    igtl_unit.c
    igtl_sensor.c
    igtl_string.c
    igtl_ndarray.c
    igtl_bind.c
    igtl_qtrans.c
    igtl_polydata.c
    igtl_command.c
    igtl_query.c
    igtlClientSocket.cxx
    igtlCapabilityMessage.cxx
    igtlConditionVariable.cxx
    igtlFastMutexLock.cxx
    igtlImageMessage.cxx
    igtlImageMessage2.cxx
    igtlLightObject.cxx
    igtlMath.cxx
    igtlMessageBase.cxx
    igtlMessageFactory.cxx
    igtlMultiThreader.cxx
    igtlMutexLock.cxx
    igtlOSUtil.cxx
    igtlObject.cxx
    igtlObjectFactoryBase.cxx
    igtlPositionMessage.cxx
    igtlServerSocket.cxx
    igtlSessionManager.cxx
    igtlSimpleFastMutexLock.cxx
    igtlSocket.cxx
    igtlStatusMessage.cxx
    igtlTimeStamp.cxx
    igtlTransformMessage.cxx
    igtlColorTableMessage.cxx
    igtlImageMetaMessage.cxx
    igtlLabelMetaMessage.cxx
    igtlPointMessage.cxx
    igtlTrackingDataMessage.cxx
    igtlPolyDataMessage.cxx
    igtlQuaternionTrackingDataMessage.cxx
    igtlTrajectoryMessage.cxx
    igtlStringMessage.cxx
    igtlUnit.cxx
    igtlSensorMessage.cxx
    igtlBindMessage.cxx
    igtlNDArrayMessage.cxx
    igtlCommandMessage.cxx
    igtlQueryMessage.cxx
    igtlMessageRTPWrapper.cxx
    igtlGeneralSocket.cxx
    igtlUDPClientSocket.cxx
    igtlUDPServerSocket.cxx
       Creating library C:/Project/PlusB-bin/lib/Debug/OpenIGTLink.lib and object C:/Project/PlusB-bin/lib/Debug/OpenIGTLink.exp
    OpenIGTLink.vcxproj -> C:\Project\PlusB-bin\bin\Debug\OpenIGTLink.dll
    OpenIGTLink.vcxproj -> C:/Project/PlusB-bin/bin/Debug/OpenIGTLink.pdb (Full PDB)
    Building Custom Rule C:/Project/PlusB-bin/OpenIGTLink/Source/igtlutil/CMakeLists.txt
    igtl_header.c
    igtl_image.c
    igtl_position.c
    igtl_transform.c
    igtl_util.c
    igtl_capability.c
    igtl_colortable.c
    igtl_imgmeta.c
    igtl_lbmeta.c
    igtl_point.c
    igtl_tdata.c
    igtl_qtdata.c
    igtl_trajectory.c
    igtl_unit.c
    igtl_sensor.c
    igtl_string.c
    igtl_ndarray.c
    igtl_bind.c
    igtl_qtrans.c
    igtl_polydata.c
    igtl_command.c
       Creating library C:/Project/PlusB-bin/lib/Debug/igtlutil.lib and object C:/Project/PlusB-bin/lib/Debug/igtlutil.exp
    igtlutil.vcxproj -> C:\Project\PlusB-bin\bin\Debug\igtlutil.dll
    igtlutil.vcxproj -> C:/Project/PlusB-bin/bin/Debug/igtlutil.pdb (Full PDB)
    Building Custom Rule C:/Project/PlusB-bin/OpenIGTLink/CMakeLists.txt
  No install step for 'OpenIGTLink'
  Completed 'OpenIGTLink'
