  Creating directories for 'PlusApp'
  Building Custom Rule C:/Project/PlusBuild/CMakeLists.txt
  Performing download step (git clone) for 'PlusApp'
  -- Avoiding repeated git clone, stamp file is up to date: 'C:/Project/PlusB-bin/PlusApp-prefix/src/PlusApp-stamp/PlusApp-gitclone-lastrun.txt'
  Performing update step for 'PlusApp'
  From https://github.com/PlusToolkit/PlusApp
     fe1a7bc..e0c8873  master     -> origin/master
  No patch step for 'PlusApp'
  Performing configure step for 'PlusApp'
  -- Selecting Windows SDK version 10.0.18362.0 to target Windows 10.0.18363.
  -- PlusLib use file triggered. In the future, consider linking directly to targets provided by PlusLibTargets.cmake.
  -- PlusApp version: 2.8.0
  -- Current git hash is d56ae29a906bcfbf061a29d250fbb668fb6f84e6
  CMake Warning at CPackConfig.cmake:90 (MESSAGE):
    Unable to set VTK_DIR for package generation!
  Call Stack (most recent call first):
    CMakeLists.txt:196 (INCLUDE)
  
  
  CMake Warning at CPackConfig.cmake:97 (MESSAGE):
    Unable to set ITK_DIR for package generation!
  Call Stack (most recent call first):
    CMakeLists.txt:196 (INCLUDE)
  
  
  -- Configuring done
  -- Generating done
  -- Build files have been written to: C:/Project/PlusB-bin/PlusApp-bin
  Performing build step for 'PlusApp'
  Microsoft (R) Build Engine version 16.7.0+b89cb5fde for .NET Framework
  Copyright (C) Microsoft Corporation. All rights reserved.
  
    Checking Build System
    Building Custom Rule C:/Project/PlusB-bin/PlusApp/DiagnosticTools/CMakeLists.txt
    mocs_compilation.cpp
    DiagDataCollection.cxx
    Generating Code...
    DiagDataCollection.vcxproj -> C:\Project\PlusB-bin\bin\Debug\DiagDataCollection.exe
    DiagDataCollection.vcxproj -> C:/Project/PlusB-bin/bin/Debug/DiagDataCollection.pdb (Full PDB)
    Automatic RCC for PlusServerLauncher.qrc
    Automatic RCC for ../../PlusLib/src/PlusWidgets/PlusWidgets.qrc
    Building Custom Rule C:/Project/PlusB-bin/PlusApp/PlusServerLauncher/CMakeLists.txt
    mocs_compilation.cpp
    PlusServerLauncherMain.cxx
    PlusServerLauncherMainWindow.cxx
    qrc_PlusServerLauncher.cpp
    qrc_PlusWidgets.cpp
    Generating Code...
       Creating library C:/Project/PlusB-bin/lib/Debug/PlusServerLauncher.lib and object C:/Project/PlusB-bin/lib/Debug/PlusServerLauncher.exp
    PlusServerLauncher.vcxproj -> C:\Project\PlusB-bin\bin\Debug\PlusServerLauncher.exe
    PlusServerLauncher.vcxproj -> C:/Project/PlusB-bin/bin/Debug/PlusServerLauncher.pdb (Full PDB)
    Building Custom Rule C:/Project/PlusB-bin/PlusApp/PointSetExtractor/CMakeLists.txt
    mocs_compilation.cpp
    PointSetExtractor.cxx
    Generating Code...
    PointSetExtractor.vcxproj -> C:\Project\PlusB-bin\bin\Debug\PointSetExtractor.exe
    PointSetExtractor.vcxproj -> C:/Project/PlusB-bin/bin/Debug/PointSetExtractor.pdb (Full PDB)
    Building Custom Rule C:/Project/PlusB-bin/PlusApp/fCal/Testing/CMakeLists.txt
    mocs_compilation.cpp
    SegmentationParameterDialogTest.cxx
    Generating Code...
    SegmentationParameterDialogTest.vcxproj -> C:\Project\PlusB-bin\bin\Debug\SegmentationParameterDialogTest.exe
    SegmentationParameterDialogTest.vcxproj -> C:/Project/PlusB-bin/bin/Debug/SegmentationParameterDialogTest.pdb (Full PDB)
    Building Custom Rule C:/Project/PlusB-bin/PlusApp/SpatialSensorFusion/CMakeLists.txt
    mocs_compilation.cpp
    SpatialSensorFusion.cxx
    Generating Code...
    SpatialSensorFusion.vcxproj -> C:\Project\PlusB-bin\bin\Debug\SpatialSensorFusion.exe
    SpatialSensorFusion.vcxproj -> C:/Project/PlusB-bin/bin/Debug/SpatialSensorFusion.pdb (Full PDB)
    Building Custom Rule C:/Project/PlusB-bin/PlusApp/DiagnosticTools/CMakeLists.txt
    mocs_compilation.cpp
    TrackingDataServer.cxx
    Generating Code...
       Creating library C:/Project/PlusB-bin/lib/Debug/TrackingDataServer.lib and object C:/Project/PlusB-bin/lib/Debug/TrackingDataServer.exp
    TrackingDataServer.vcxproj -> C:\Project\PlusB-bin\bin\Debug\TrackingDataServer.exe
    TrackingDataServer.vcxproj -> C:/Project/PlusB-bin/bin/Debug/TrackingDataServer.pdb (Full PDB)
    Automatic RCC for fCal.qrc
    Building Custom Rule C:/Project/PlusB-bin/PlusApp/fCal/CMakeLists.txt
    mocs_compilation.cpp
C:\Program Files (x86)\Microsoft Visual Studio 14.0\VC\include\xutility(2372): warning C4996: 'std::copy::_Unchecked_iterators::_Deprecate': Call to 'std::copy' with parameters that may be unsafe - this call relies on the caller to check that the passed values are correct. To disable this warning, use -D_SCL_SECURE_NO_WARNINGS. See documentation on how to use Visual C++ 'Checked Iterators' [C:\Project\PlusB-bin\PlusApp-bin\fCal\fCal.vcxproj]
    C:\Program Files (x86)\Microsoft Visual Studio 14.0\VC\include\xutility(2372): note: see declaration of 'std::copy::_Unchecked_iterators::_Deprecate'
    c:\project\plusb-bin\itk-int\include\itk-4.12\itkImportImageContainer.hxx(72): note: see reference to function template instantiation '_OutIt std::copy<TElement*,TElement*>(_InIt,_InIt,_OutIt)' being compiled
            with
            [
                _OutIt=unsigned char *,
                TElement=unsigned char,
                _InIt=unsigned char *
            ]
    c:\project\plusb-bin\itk-int\include\itk-4.12\itkImportImageContainer.hxx(60): note: while compiling class template member function 'void itk::ImportImageContainer<unsigned __int64,unsigned char>::Reserve(unsigned __int64,const bool)'
    c:\project\plusb-bin\itk-int\include\itk-4.12\itkImage.hxx(56): note: see reference to function template instantiation 'void itk::ImportImageContainer<unsigned __int64,unsigned char>::Reserve(unsigned __int64,const bool)' being compiled
    c:\project\plusb-bin\itk-int\include\itk-4.12\itkImage.hxx(50): note: while compiling class template member function 'void itk::Image<vtkPlusLineSegmentationAlgo::CharPixelType,2>::Allocate(bool)'
    C:\Project\PlusB-bin\PlusLib\src\PlusCalibration\vtkLineSegmentationAlgo\vtkPlusLineSegmentationAlgo.h(104): note: see reference to class template instantiation 'itk::Image<vtkPlusLineSegmentationAlgo::CharPixelType,2>' being compiled
    fCalMain.cxx
    fCalMainWindow.cxx
    QPlusSegmentationParameterDialog.cxx
    vtkPlusVisualizationController.cxx
    vtkPlusDisplayableObject.cxx
    vtkPlusImageVisualizer.cxx
    vtkPlus3DObjectVisualizer.cxx
    PlusCaptureControlWidget.cxx
    QPlusChannelAction.cxx
    QConfigurationToolbox.cxx
    QCapturingToolbox.cxx
    QSpatialCalibrationToolbox.cxx
    QTemporalCalibrationToolbox.cxx
C:\Program Files (x86)\Microsoft Visual Studio 14.0\VC\include\xutility(2372): warning C4996: 'std::copy::_Unchecked_iterators::_Deprecate': Call to 'std::copy' with parameters that may be unsafe - this call relies on the caller to check that the passed values are correct. To disable this warning, use -D_SCL_SECURE_NO_WARNINGS. See documentation on how to use Visual C++ 'Checked Iterators' [C:\Project\PlusB-bin\PlusApp-bin\fCal\fCal.vcxproj]
    C:\Program Files (x86)\Microsoft Visual Studio 14.0\VC\include\xutility(2372): note: see declaration of 'std::copy::_Unchecked_iterators::_Deprecate'
    c:\project\plusb-bin\itk-int\include\itk-4.12\itkImportImageContainer.hxx(72): note: see reference to function template instantiation '_OutIt std::copy<TElement*,TElement*>(_InIt,_InIt,_OutIt)' being compiled
            with
            [
                _OutIt=unsigned char *,
                TElement=unsigned char,
                _InIt=unsigned char *
            ]
    c:\project\plusb-bin\itk-int\include\itk-4.12\itkImportImageContainer.hxx(60): note: while compiling class template member function 'void itk::ImportImageContainer<unsigned __int64,unsigned char>::Reserve(unsigned __int64,const bool)'
    c:\project\plusb-bin\itk-int\include\itk-4.12\itkImage.hxx(56): note: see reference to function template instantiation 'void itk::ImportImageContainer<unsigned __int64,unsigned char>::Reserve(unsigned __int64,const bool)' being compiled
    c:\project\plusb-bin\itk-int\include\itk-4.12\itkImage.hxx(50): note: while compiling class template member function 'void itk::Image<vtkPlusLineSegmentationAlgo::CharPixelType,2>::Allocate(bool)'
    C:\Project\PlusB-bin\PlusLib\src\PlusCalibration\vtkLineSegmentationAlgo\vtkPlusLineSegmentationAlgo.h(104): note: see reference to class template instantiation 'itk::Image<vtkPlusLineSegmentationAlgo::CharPixelType,2>' being compiled
    QStylusCalibrationToolbox.cxx
    QPhantomRegistrationToolbox.cxx
    QVolumeReconstructionToolbox.cxx
    qrc_fCal.cpp
    Generating Code...
    fCal.vcxproj -> C:\Project\PlusB-bin\bin\Debug\fCal.exe
    fCal.vcxproj -> C:/Project/PlusB-bin/bin/Debug/fCal.pdb (Full PDB)
    Building Custom Rule C:/Project/PlusB-bin/PlusApp/CMakeLists.txt
  No install step for 'PlusApp'
  Completed 'PlusApp'
